2019-08-16 22:06:45.683 [main] INFO  o.s.c.a.AnnotationConfigApplicationContext - Refreshing org.springframework.context.annotation.AnnotationConfigApplicationContext@10cf09e8: startup date [Fri Aug 16 22:06:45 CST 2019]; root of context hierarchy
2019-08-16 22:06:45.977 [main] INFO  o.s.b.f.a.AutowiredAnnotationBeanPostProcessor - JSR-330 'javax.inject.Inject' annotation found and supported for autowiring
2019-08-16 22:06:46.021 [main] INFO  o.s.c.s.PostProcessorRegistrationDelegate$BeanPostProcessorChecker - Bean 'configurationPropertiesRebinderAutoConfiguration' of type [org.springframework.cloud.autoconfigure.ConfigurationPropertiesRebinderAutoConfiguration$$EnhancerBySpringCGLIB$$d88a7b53] is not eligible for getting processed by all BeanPostProcessors (for example: not eligible for auto-proxying)
2019-08-16 22:06:47.691 [main] INFO  cn.farm.SysUserApplication - No active profile set, falling back to default profiles: default
2019-08-16 22:06:47.709 [main] INFO  o.s.b.w.s.c.AnnotationConfigServletWebServerApplicationContext - Refreshing org.springframework.boot.web.servlet.context.AnnotationConfigServletWebServerApplicationContext@4b61d0c6: startup date [Fri Aug 16 22:06:47 CST 2019]; parent: org.springframework.context.annotation.AnnotationConfigApplicationContext@10cf09e8
2019-08-16 22:06:50.178 [main] INFO  o.springframework.cloud.context.scope.GenericScope - BeanFactory id=2ae1a5d8-80c5-3217-a5bf-3f722cb7da29
2019-08-16 22:06:50.205 [main] INFO  o.s.b.f.a.AutowiredAnnotationBeanPostProcessor - JSR-330 'javax.inject.Inject' annotation found and supported for autowiring
2019-08-16 22:06:50.364 [main] INFO  o.s.c.s.PostProcessorRegistrationDelegate$BeanPostProcessorChecker - Bean 'org.springframework.transaction.annotation.ProxyTransactionManagementConfiguration' of type [org.springframework.transaction.annotation.ProxyTransactionManagementConfiguration$$EnhancerBySpringCGLIB$$bc707856] is not eligible for getting processed by all BeanPostProcessors (for example: not eligible for auto-proxying)
2019-08-16 22:06:50.431 [main] INFO  o.s.c.s.PostProcessorRegistrationDelegate$BeanPostProcessorChecker - Bean 'org.springframework.cloud.autoconfigure.ConfigurationPropertiesRebinderAutoConfiguration' of type [org.springframework.cloud.autoconfigure.ConfigurationPropertiesRebinderAutoConfiguration$$EnhancerBySpringCGLIB$$d88a7b53] is not eligible for getting processed by all BeanPostProcessors (for example: not eligible for auto-proxying)
2019-08-16 22:06:50.959 [main] INFO  o.s.boot.web.embedded.tomcat.TomcatWebServer - Tomcat initialized with port(s): 8080 (http)
2019-08-16 22:06:50.974 [main] INFO  org.apache.coyote.http11.Http11NioProtocol - Initializing ProtocolHandler ["http-nio-8080"]
2019-08-16 22:06:50.997 [main] INFO  org.apache.catalina.core.StandardService - Starting service [Tomcat]
2019-08-16 22:06:50.997 [main] INFO  org.apache.catalina.core.StandardEngine - Starting Servlet Engine: Apache Tomcat/8.5.32
2019-08-16 22:06:51.005 [localhost-startStop-1] INFO  org.apache.catalina.core.AprLifecycleListener - The APR based Apache Tomcat Native library which allows optimal performance in production environments was not found on the java.library.path: [D:\Program Files\idea\IntelliJ IDEA 2019.2\jbr\bin;C:\WINDOWS\Sun\Java\bin;C:\WINDOWS\system32;C:\WINDOWS;D:\Program Files\idea\IntelliJ IDEA 2019.2\jbr\\bin;D:\Program Files\idea\IntelliJ IDEA 2019.2\jbr\\bin\server;C:\Program Files (x86)\Common Files\Oracle\Java\javapath;C:\WINDOWS\system32;C:\WINDOWS;C:\WINDOWS\System32\Wbem;C:\WINDOWS\System32\WindowsPowerShell\v1.0\;C:\WINDOWS\System32\OpenSSH\;C:\Users\IBM\AppData\Local\Android\Sdk\tools;C:\Users\IBM\AppData\Local\Android\Sdk\platform-tools;D:\Program Files\MySQL\MySQL Server 5.5\bin;D:\maven\apache-maven-3.6.1\bin;D:\Program Files\jdk\bin;C:\Users\IBM\AppData\Local\Programs\Python\Python37\Scripts\;C:\Users\IBM\AppData\Local\Programs\Python\Python37\;%USERPROFILE%\AppData\Local\Microsoft\WindowsApps;;.]
2019-08-16 22:06:51.264 [localhost-startStop-1] INFO  o.a.c.core.ContainerBase.[Tomcat].[localhost].[/] - Initializing Spring embedded WebApplicationContext
2019-08-16 22:06:51.264 [localhost-startStop-1] INFO  org.springframework.web.context.ContextLoader - Root WebApplicationContext: initialization completed in 3555 ms
2019-08-16 22:06:51.567 [localhost-startStop-1] INFO  com.netflix.config.sources.URLConfigurationSource - To enable URLs as dynamic configuration sources, define System property archaius.configurationSource.additionalUrls or make config.properties available on classpath.
2019-08-16 22:06:51.580 [localhost-startStop-1] INFO  com.netflix.config.DynamicPropertyFactory - DynamicPropertyFactory is initialized with configuration sources: com.netflix.config.ConcurrentCompositeConfiguration@19814310
2019-08-16 22:06:53.520 [localhost-startStop-1] INFO  org.springframework.cloud.commons.util.InetUtils - Cannot determine local hostname
2019-08-16 22:06:54.969 [localhost-startStop-1] INFO  org.springframework.cloud.commons.util.InetUtils - Cannot determine local hostname
2019-08-16 22:06:55.667 [localhost-startStop-1] INFO  o.s.boot.web.servlet.FilterRegistrationBean - Mapping filter: 'characterEncodingFilter' to: [/*]
2019-08-16 22:06:55.668 [localhost-startStop-1] INFO  o.s.boot.web.servlet.FilterRegistrationBean - Mapping filter: 'webMvcMetricsFilter' to: [/*]
2019-08-16 22:06:55.669 [localhost-startStop-1] INFO  o.s.boot.web.servlet.FilterRegistrationBean - Mapping filter: 'httpTraceFilter' to: [/*]
2019-08-16 22:06:55.669 [localhost-startStop-1] INFO  o.s.boot.web.servlet.ServletRegistrationBean - Servlet dispatcherServlet mapped to [/]
2019-08-16 22:06:57.135 [main] INFO  o.s.w.s.m.m.a.RequestMappingHandlerMapping - Mapped "{[/farm/sysuser/stresscategory/abioticstress/delete],methods=[POST],produces=[application/json]}" onto public cn.farm.utils.CommonResult cn.farm.controller.AbioticStressController.AbioticStressDelete(java.lang.Integer)
2019-08-16 22:06:57.138 [main] INFO  o.s.w.s.m.m.a.RequestMappingHandlerMapping - Mapped "{[/farm/sysuser/stresscategory/abioticstress/add],methods=[POST],produces=[application/json]}" onto public cn.farm.utils.CommonResult cn.farm.controller.AbioticStressController.AbioticStressAdd(cn.farm.entity.Stresscategory,cn.farm.entity.Abioticstress,java.lang.String,org.springframework.web.multipart.MultipartFile,org.springframework.web.multipart.MultipartFile)
2019-08-16 22:06:57.139 [main] INFO  o.s.w.s.m.m.a.RequestMappingHandlerMapping - Mapped "{[/farm/sysuser/stresscategory/abioticstress/modify],methods=[POST],produces=[application/json]}" onto public cn.farm.utils.CommonResult cn.farm.controller.AbioticStressController.AbiotictressModify(cn.farm.entity.Abioticstress)
2019-08-16 22:06:57.141 [main] INFO  o.s.w.s.m.m.a.RequestMappingHandlerMapping - Mapped "{[/farm/sysuser/stresscategory/abioticstress],methods=[POST],produces=[application/json]}" onto public cn.farm.utils.CommonResult<java.util.List<cn.farm.entity.Abioticstress>> cn.farm.controller.AbioticStressController.AbioticStressFind()
2019-08-16 22:06:57.143 [main] INFO  o.s.w.s.m.m.a.RequestMappingHandlerMapping - Mapped "{[/farm/sysuser/analysis/add],methods=[POST],produces=[application/json]}" onto public cn.farm.utils.CommonResult cn.farm.controller.AnalysisController.AnalysisAdd(cn.farm.entity.Analysis)
2019-08-16 22:06:57.144 [main] INFO  o.s.w.s.m.m.a.RequestMappingHandlerMapping - Mapped "{[/farm/sysuser/analysis/modify],methods=[POST],produces=[application/json]}" onto public cn.farm.utils.CommonResult cn.farm.controller.AnalysisController.AnalysisModify(cn.farm.entity.Analysis)
2019-08-16 22:06:57.145 [main] INFO  o.s.w.s.m.m.a.RequestMappingHandlerMapping - Mapped "{[/farm/sysuser/analysis/delete],methods=[POST],produces=[application/json]}" onto public cn.farm.utils.CommonResult cn.farm.controller.AnalysisController.AnalysisDelete(java.lang.Integer)
2019-08-16 22:06:57.146 [main] INFO  o.s.w.s.m.m.a.RequestMappingHandlerMapping - Mapped "{[/farm/sysuser/analysis],methods=[POST],produces=[application/json]}" onto public cn.farm.utils.CommonResult<java.util.List<cn.farm.entity.Analysis>> cn.farm.controller.AnalysisController.AnalysisFind()
2019-08-16 22:06:57.149 [main] INFO  o.s.w.s.m.m.a.RequestMappingHandlerMapping - Mapped "{[/farm/sysuser/crop],methods=[POST],produces=[application/json]}" onto public cn.farm.utils.CommonResult<com.github.pagehelper.PageInfo<cn.farm.entity.Plant>> cn.farm.controller.CropController.listAllPlant(int,int)
2019-08-16 22:06:57.150 [main] INFO  o.s.w.s.m.m.a.RequestMappingHandlerMapping - Mapped "{[/farm/sysuser/crop/add],methods=[POST],produces=[application/json]}" onto public cn.farm.utils.CommonResult cn.farm.controller.CropController.CorpAdd(java.lang.String,java.lang.String,java.lang.String,java.lang.String,java.lang.String,java.lang.String,java.lang.String,java.lang.Integer,java.lang.String,java.lang.String,java.lang.String,java.lang.String,java.lang.String,java.lang.String,org.springframework.web.multipart.MultipartFile,org.springframework.web.multipart.MultipartFile,cn.farm.entity.Plant)
2019-08-16 22:06:57.151 [main] INFO  o.s.w.s.m.m.a.RequestMappingHandlerMapping - Mapped "{[/farm/sysuser/crop/delete],methods=[POST],produces=[application/json]}" onto public cn.farm.utils.CommonResult cn.farm.controller.CropController.CropDelete(java.lang.Integer)
2019-08-16 22:06:57.152 [main] INFO  o.s.w.s.m.m.a.RequestMappingHandlerMapping - Mapped "{[/farm/sysuser/crop/{plantid}],methods=[POST],produces=[application/json]}" onto public cn.farm.utils.CommonResult<cn.farm.entity.Plant> cn.farm.controller.CropController.findPlantById(java.lang.Integer,cn.farm.entity.Plant)
2019-08-16 22:06:57.152 [main] INFO  o.s.w.s.m.m.a.RequestMappingHandlerMapping - Mapped "{[/farm/sysuser/crop/modify],methods=[POST],produces=[application/json]}" onto public cn.farm.utils.CommonResult cn.farm.controller.CropController.updatePlant(java.lang.Integer,java.lang.String,java.lang.String,java.lang.Integer,java.lang.String,java.lang.String,java.lang.String,java.lang.String,java.lang.Integer)
2019-08-16 22:06:57.157 [main] INFO  o.s.w.s.m.m.a.RequestMappingHandlerMapping - Mapped "{[/farm/sysuser/diagnosis],methods=[POST],produces=[application/json]}" onto public cn.farm.utils.CommonResult<java.util.List<cn.farm.entity.Diagnosis>> cn.farm.controller.DiagnosisController.DiagnosisFind()
2019-08-16 22:06:57.157 [main] INFO  o.s.w.s.m.m.a.RequestMappingHandlerMapping - Mapped "{[/farm/sysuser/diagnosis/add],methods=[POST],produces=[application/json]}" onto public cn.farm.utils.CommonResult cn.farm.controller.DiagnosisController.DiagnosisAdd(cn.farm.entity.Diagnosis)
2019-08-16 22:06:57.158 [main] INFO  o.s.w.s.m.m.a.RequestMappingHandlerMapping - Mapped "{[/farm/sysuser/diagnosis/delete],methods=[POST],produces=[application/json]}" onto public cn.farm.utils.CommonResult cn.farm.controller.DiagnosisController.DiagnosisDelete(java.lang.Integer)
2019-08-16 22:06:57.159 [main] INFO  o.s.w.s.m.m.a.RequestMappingHandlerMapping - Mapped "{[/farm/sysuser/stresscategory/diseasestress/modify],methods=[POST],produces=[application/json]}" onto public cn.farm.utils.CommonResult cn.farm.controller.DiseaseStressController.DiseaseStressModify(cn.farm.entity.Diseasestress)
2019-08-16 22:06:57.160 [main] INFO  o.s.w.s.m.m.a.RequestMappingHandlerMapping - Mapped "{[/farm/sysuser/stresscategory/diseasestress/delete],methods=[POST],produces=[application/json]}" onto public cn.farm.utils.CommonResult cn.farm.controller.DiseaseStressController.DiseaseStressDelete(java.lang.Integer)
2019-08-16 22:06:57.160 [main] INFO  o.s.w.s.m.m.a.RequestMappingHandlerMapping - Mapped "{[/farm/sysuser/stresscategory/diseasestress],methods=[POST],produces=[application/json]}" onto public cn.farm.utils.CommonResult<com.github.pagehelper.PageInfo<cn.farm.entity.Diseasestress>> cn.farm.controller.DiseaseStressController.DiseaseStressFind(int,int)
2019-08-16 22:06:57.161 [main] INFO  o.s.w.s.m.m.a.RequestMappingHandlerMapping - Mapped "{[/farm/sysuser/stresscategory/diseasestress/add],methods=[POST],produces=[application/json]}" onto public cn.farm.utils.CommonResult cn.farm.controller.DiseaseStressController.DiseaseStressAdd(cn.farm.entity.Stresscategory,cn.farm.entity.Diseasestress,java.lang.String,org.springframework.web.multipart.MultipartFile,org.springframework.web.multipart.MultipartFile,org.springframework.web.multipart.MultipartFile,org.springframework.web.multipart.MultipartFile)
2019-08-16 22:06:57.162 [main] INFO  o.s.w.s.m.m.a.RequestMappingHandlerMapping - Mapped "{[/farm/sysuser/enemy],methods=[POST],produces=[application/json]}" onto public cn.farm.utils.CommonResult<com.github.pagehelper.PageInfo<cn.farm.entity.Enemy>> cn.farm.controller.EnemyController.EnemysFind(int,int)
2019-08-16 22:06:57.163 [main] INFO  o.s.w.s.m.m.a.RequestMappingHandlerMapping - Mapped "{[/farm/sysuser/enemy/add],methods=[POST],produces=[application/json]}" onto public cn.farm.utils.CommonResult cn.farm.controller.EnemyController.EnemyAdd(cn.farm.entity.Biologycategory,cn.farm.entity.Enemy,org.springframework.web.multipart.MultipartFile,org.springframework.web.multipart.MultipartFile)
2019-08-16 22:06:57.163 [main] INFO  o.s.w.s.m.m.a.RequestMappingHandlerMapping - Mapped "{[/farm/sysuser/enemy/delete],methods=[POST],produces=[application/json]}" onto public cn.farm.utils.CommonResult cn.farm.controller.EnemyController.EnemyDelete(java.lang.Integer)
2019-08-16 22:06:57.163 [main] INFO  o.s.w.s.m.m.a.RequestMappingHandlerMapping - Mapped "{[/farm/sysuser/enemy/modify],methods=[POST],produces=[application/json]}" onto public cn.farm.utils.CommonResult cn.farm.controller.EnemyController.EnemyUpdate(cn.farm.entity.Enemy)
2019-08-16 22:06:57.165 [main] INFO  o.s.w.s.m.m.a.RequestMappingHandlerMapping - Mapped "{[/farm/sysuser/information/modify],methods=[POST],produces=[application/json]}" onto public cn.farm.utils.CommonResult cn.farm.controller.InformationController.InformationModify(cn.farm.entity.Information)
2019-08-16 22:06:57.166 [main] INFO  o.s.w.s.m.m.a.RequestMappingHandlerMapping - Mapped "{[/farm/sysuser/information/delete],methods=[POST],produces=[application/json]}" onto public cn.farm.utils.CommonResult cn.farm.controller.InformationController.InformationDelete(java.lang.Integer)
2019-08-16 22:06:57.166 [main] INFO  o.s.w.s.m.m.a.RequestMappingHandlerMapping - Mapped "{[/farm/sysuser/information/add],methods=[POST],produces=[application/json]}" onto public cn.farm.utils.CommonResult cn.farm.controller.InformationController.InformationAdd(cn.farm.entity.Information,org.springframework.web.multipart.MultipartFile,org.springframework.web.multipart.MultipartFile,org.springframework.web.multipart.MultipartFile)
2019-08-16 22:06:57.167 [main] INFO  o.s.w.s.m.m.a.RequestMappingHandlerMapping - Mapped "{[/farm/sysuser/information],methods=[POST],produces=[application/json]}" onto public cn.farm.utils.CommonResult<com.github.pagehelper.PageInfo<cn.farm.entity.Information>> cn.farm.controller.InformationController.InformationFind(int,int)
2019-08-16 22:06:57.169 [main] INFO  o.s.w.s.m.m.a.RequestMappingHandlerMapping - Mapped "{[/farm/sysuser/inquiry/test],produces=[application/json]}" onto public cn.farm.utils.CommonResult cn.farm.controller.InquiryController.test()
2019-08-16 22:06:57.169 [main] INFO  o.s.w.s.m.m.a.RequestMappingHandlerMapping - Mapped "{[/farm/sysuser/inquiry/modify],methods=[POST],produces=[application/json]}" onto public cn.farm.utils.CommonResult cn.farm.controller.InquiryController.InquiryModify(cn.farm.entity.Inquiry)
2019-08-16 22:06:57.169 [main] INFO  o.s.w.s.m.m.a.RequestMappingHandlerMapping - Mapped "{[/farm/sysuser/inquiry],methods=[POST],produces=[application/json]}" onto public cn.farm.utils.CommonResult<java.util.List<cn.farm.entity.Inquiry>> cn.farm.controller.InquiryController.InquiryFind()
2019-08-16 22:06:57.170 [main] INFO  o.s.w.s.m.m.a.RequestMappingHandlerMapping - Mapped "{[/farm/sysuser/inquiry/delete],methods=[POST],produces=[application/json]}" onto public cn.farm.utils.CommonResult cn.farm.controller.InquiryController.InquiryDelete(java.lang.Integer)
2019-08-16 22:06:57.170 [main] INFO  o.s.w.s.m.m.a.RequestMappingHandlerMapping - Mapped "{[/farm/sysuser/inquiry/add],methods=[POST],produces=[application/json]}" onto public cn.farm.utils.CommonResult cn.farm.controller.InquiryController.InquiryAdd(int,java.lang.String,int,java.lang.String,org.springframework.web.multipart.MultipartFile,org.springframework.web.multipart.MultipartFile,org.springframework.web.multipart.MultipartFile)
2019-08-16 22:06:57.172 [main] INFO  o.s.w.s.m.m.a.RequestMappingHandlerMapping - Mapped "{[/farm/sysuser/message/add],methods=[POST],produces=[application/json]}" onto public cn.farm.utils.CommonResult cn.farm.controller.MessageController.MessageAdd(cn.farm.entity.Message)
2019-08-16 22:06:57.172 [main] INFO  o.s.w.s.m.m.a.RequestMappingHandlerMapping - Mapped "{[/farm/sysuser/message],methods=[POST],produces=[application/json]}" onto public cn.farm.utils.CommonResult<java.util.List<cn.farm.entity.Message>> cn.farm.controller.MessageController.MessageFind()
2019-08-16 22:06:57.172 [main] INFO  o.s.w.s.m.m.a.RequestMappingHandlerMapping - Mapped "{[/farm/sysuser/message/delete],methods=[POST],produces=[application/json]}" onto public cn.farm.utils.CommonResult cn.farm.controller.MessageController.MessageDelete(java.lang.Integer)
2019-08-16 22:06:57.173 [main] INFO  o.s.w.s.m.m.a.RequestMappingHandlerMapping - Mapped "{[/farm/sysuser/message/modify],methods=[POST],produces=[application/json]}" onto public cn.farm.utils.CommonResult cn.farm.controller.MessageController.MessageModify(cn.farm.entity.Message)
2019-08-16 22:06:57.174 [main] INFO  o.s.w.s.m.m.a.RequestMappingHandlerMapping - Mapped "{[/farm/sysuser/model/delete],methods=[POST],produces=[application/json]}" onto public cn.farm.utils.CommonResult cn.farm.controller.ModelController.ModelDelete(java.lang.Integer)
2019-08-16 22:06:57.175 [main] INFO  o.s.w.s.m.m.a.RequestMappingHandlerMapping - Mapped "{[/farm/sysuser/model/modify],methods=[POST],produces=[application/json]}" onto public cn.farm.utils.CommonResult cn.farm.controller.ModelController.ModelModify(cn.farm.entity.Model)
2019-08-16 22:06:57.175 [main] INFO  o.s.w.s.m.m.a.RequestMappingHandlerMapping - Mapped "{[/farm/sysuser/model/add],methods=[POST],produces=[application/json]}" onto public cn.farm.utils.CommonResult cn.farm.controller.ModelController.ModelAdd(cn.farm.entity.Model,org.springframework.web.multipart.MultipartFile)
2019-08-16 22:06:57.175 [main] INFO  o.s.w.s.m.m.a.RequestMappingHandlerMapping - Mapped "{[/farm/sysuser/model],methods=[POST],produces=[application/json]}" onto public cn.farm.utils.CommonResult<java.util.List<cn.farm.entity.Model>> cn.farm.controller.ModelController.ModelFind()
2019-08-16 22:06:57.177 [main] INFO  o.s.w.s.m.m.a.RequestMappingHandlerMapping - Mapped "{[/farm/sysuser/stresscategory/peststress],methods=[POST],produces=[application/json]}" onto public cn.farm.utils.CommonResult<com.github.pagehelper.PageInfo<cn.farm.entity.Peststress>> cn.farm.controller.PestStressController.PestStressFind(int,int)
2019-08-16 22:06:57.177 [main] INFO  o.s.w.s.m.m.a.RequestMappingHandlerMapping - Mapped "{[/farm/sysuser/stresscategory/peststress/delete],methods=[POST],produces=[application/json]}" onto public cn.farm.utils.CommonResult cn.farm.controller.PestStressController.PestStressDelete(java.lang.Integer)
2019-08-16 22:06:57.178 [main] INFO  o.s.w.s.m.m.a.RequestMappingHandlerMapping - Mapped "{[/farm/sysuser/stresscategory/peststress/modify],methods=[POST],produces=[application/json]}" onto public cn.farm.utils.CommonResult cn.farm.controller.PestStressController.PestStressModify(cn.farm.entity.Peststress)
2019-08-16 22:06:57.178 [main] INFO  o.s.w.s.m.m.a.RequestMappingHandlerMapping - Mapped "{[/farm/sysuser/stresscategory/peststress/add],methods=[POST],produces=[application/json]}" onto public cn.farm.utils.CommonResult cn.farm.controller.PestStressController.PestStressAdd(cn.farm.entity.Stresscategory,cn.farm.entity.Peststress,java.lang.String,org.springframework.web.multipart.MultipartFile,org.springframework.web.multipart.MultipartFile,org.springframework.web.multipart.MultipartFile,org.springframework.web.multipart.MultipartFile)
2019-08-16 22:06:57.180 [main] INFO  o.s.w.s.m.m.a.RequestMappingHandlerMapping - Mapped "{[/farm/sysuser/protection/modify],methods=[POST],produces=[application/json]}" onto public cn.farm.utils.CommonResult cn.farm.controller.ProtectionController.ProtectionModify(cn.farm.entity.Protection)
2019-08-16 22:06:57.180 [main] INFO  o.s.w.s.m.m.a.RequestMappingHandlerMapping - Mapped "{[/farm/sysuser/protection],methods=[POST],produces=[application/json]}" onto public cn.farm.utils.CommonResult<java.util.List<cn.farm.entity.Protection>> cn.farm.controller.ProtectionController.ProtectionFind()
2019-08-16 22:06:57.181 [main] INFO  o.s.w.s.m.m.a.RequestMappingHandlerMapping - Mapped "{[/farm/sysuser/protection/delete],methods=[POST],produces=[application/json]}" onto public cn.farm.utils.CommonResult cn.farm.controller.ProtectionController.ProtectionDelete(java.lang.Integer)
2019-08-16 22:06:57.181 [main] INFO  o.s.w.s.m.m.a.RequestMappingHandlerMapping - Mapped "{[/farm/sysuser/protection/add],methods=[POST],produces=[application/json]}" onto public cn.farm.utils.CommonResult cn.farm.controller.ProtectionController.ProtectionAdd(cn.farm.entity.Protection)
2019-08-16 22:06:57.183 [main] INFO  o.s.w.s.m.m.a.RequestMappingHandlerMapping - Mapped "{[/farm/sysuser/question/delete],methods=[POST],produces=[application/json]}" onto public cn.farm.utils.CommonResult cn.farm.controller.QuestionController.QuestionDelete(java.lang.Integer)
2019-08-16 22:06:57.183 [main] INFO  o.s.w.s.m.m.a.RequestMappingHandlerMapping - Mapped "{[/farm/sysuser/question],methods=[POST],produces=[application/json]}" onto public cn.farm.utils.CommonResult<java.util.List<cn.farm.entity.Question>> cn.farm.controller.QuestionController.QuestionFind()
2019-08-16 22:06:57.183 [main] INFO  o.s.w.s.m.m.a.RequestMappingHandlerMapping - Mapped "{[/farm/sysuser/question/add],methods=[POST],produces=[application/json]}" onto public cn.farm.utils.CommonResult cn.farm.controller.QuestionController.QuestionAdd(cn.farm.entity.Question,org.springframework.web.multipart.MultipartFile,org.springframework.web.multipart.MultipartFile)
2019-08-16 22:06:57.184 [main] INFO  o.s.w.s.m.m.a.RequestMappingHandlerMapping - Mapped "{[/farm/sysuser/question/modify],methods=[POST],produces=[application/json]}" onto public cn.farm.utils.CommonResult cn.farm.controller.QuestionController.QuestionModify(cn.farm.entity.Question)
2019-08-16 22:06:57.185 [main] INFO  o.s.w.s.m.m.a.RequestMappingHandlerMapping - Mapped "{[/farm/sysuser/rule],methods=[POST],produces=[application/json]}" onto public cn.farm.utils.CommonResult<java.util.List<cn.farm.entity.Rule>> cn.farm.controller.RuleController.RuleFind()
2019-08-16 22:06:57.186 [main] INFO  o.s.w.s.m.m.a.RequestMappingHandlerMapping - Mapped "{[/farm/sysuser/rule/add],methods=[POST],produces=[application/json]}" onto public cn.farm.utils.CommonResult cn.farm.controller.RuleController.RuleAdd(cn.farm.entity.Rule,java.lang.String,java.lang.String,org.springframework.web.multipart.MultipartFile)
2019-08-16 22:06:57.186 [main] INFO  o.s.w.s.m.m.a.RequestMappingHandlerMapping - Mapped "{[/farm/sysuser/rule/modify],methods=[POST],produces=[application/json]}" onto public cn.farm.utils.CommonResult cn.farm.controller.RuleController.RuleModify(cn.farm.entity.Rule)
2019-08-16 22:06:57.186 [main] INFO  o.s.w.s.m.m.a.RequestMappingHandlerMapping - Mapped "{[/farm/sysuser/rule/delete],methods=[POST],produces=[application/json]}" onto public cn.farm.utils.CommonResult cn.farm.controller.RuleController.RuleDelete(java.lang.Integer)
2019-08-16 22:06:57.188 [main] INFO  o.s.w.s.m.m.a.RequestMappingHandlerMapping - Mapped "{[/farm/sysuser/spectral/modify],methods=[POST],produces=[application/json]}" onto public cn.farm.utils.CommonResult cn.farm.controller.SpectralController.SpectralModify(cn.farm.entity.Spectral)
2019-08-16 22:06:57.188 [main] INFO  o.s.w.s.m.m.a.RequestMappingHandlerMapping - Mapped "{[/farm/sysuser/spectral/delete],methods=[POST],produces=[application/json]}" onto public cn.farm.utils.CommonResult cn.farm.controller.SpectralController.SpectralDelete(java.lang.Integer)
2019-08-16 22:06:57.189 [main] INFO  o.s.w.s.m.m.a.RequestMappingHandlerMapping - Mapped "{[/farm/sysuser/spectral],methods=[POST],produces=[application/json]}" onto public cn.farm.utils.CommonResult<java.util.List<cn.farm.entity.Spectral>> cn.farm.controller.SpectralController.SpectralFind()
2019-08-16 22:06:57.189 [main] INFO  o.s.w.s.m.m.a.RequestMappingHandlerMapping - Mapped "{[/farm/sysuser/spectral/add],methods=[POST],produces=[application/json]}" onto public cn.farm.utils.CommonResult cn.farm.controller.SpectralController.SpectralAdd(cn.farm.entity.Spectral,org.springframework.web.multipart.MultipartFile)
2019-08-16 22:06:57.191 [main] INFO  o.s.w.s.m.m.a.RequestMappingHandlerMapping - Mapped "{[/farm/sysuser/stressfeature/add],methods=[POST],produces=[application/json]}" onto public cn.farm.utils.CommonResult cn.farm.controller.StressFeatureController.StressFeatureAdd(cn.farm.entity.Stressfeature,org.springframework.web.multipart.MultipartFile,org.springframework.web.multipart.MultipartFile)
2019-08-16 22:06:57.191 [main] INFO  o.s.w.s.m.m.a.RequestMappingHandlerMapping - Mapped "{[/farm/sysuser/stressfeature],methods=[POST],produces=[application/json]}" onto public cn.farm.utils.CommonResult<java.util.List<cn.farm.entity.Stressfeature>> cn.farm.controller.StressFeatureController.StressFeatureFind()
2019-08-16 22:06:57.191 [main] INFO  o.s.w.s.m.m.a.RequestMappingHandlerMapping - Mapped "{[/farm/sysuser/stressfeature/delete],methods=[POST],produces=[application/json]}" onto public cn.farm.utils.CommonResult cn.farm.controller.StressFeatureController.StressFeatureDelete(java.lang.Integer)
2019-08-16 22:06:57.192 [main] INFO  o.s.w.s.m.m.a.RequestMappingHandlerMapping - Mapped "{[/farm/sysuser/stressfeature/modify],methods=[POST],produces=[application/json]}" onto public cn.farm.utils.CommonResult cn.farm.controller.StressFeatureController.StressFeatureModify(cn.farm.entity.Stressfeature)
2019-08-16 22:06:57.196 [main] INFO  o.s.w.s.m.m.a.RequestMappingHandlerMapping - Mapped "{[/farm/sysuser/user/expertuser],methods=[POST],produces=[application/json]}" onto public cn.farm.utils.CommonResult<com.github.pagehelper.PageInfo<cn.farm.entity.User>> cn.farm.controller.UserController.findExperAgree(int,int)
2019-08-16 22:06:57.197 [main] INFO  o.s.w.s.m.m.a.RequestMappingHandlerMapping - Mapped "{[/farm/sysuser/user/expertuser/agree],methods=[POST],produces=[application/json]}" onto public cn.farm.utils.CommonResult cn.farm.controller.UserController.updateRoleByPhone(java.lang.String,java.lang.Integer)
2019-08-16 22:06:57.197 [main] INFO  o.s.w.s.m.m.a.RequestMappingHandlerMapping - Mapped "{[/farm/sysuser/user/expertuser/reviewing],methods=[POST],produces=[application/json]}" onto public cn.farm.utils.CommonResult<com.github.pagehelper.PageInfo<cn.farm.entity.User>> cn.farm.controller.UserController.findExperWaitAgree(int,int)
2019-08-16 22:06:57.197 [main] INFO  o.s.w.s.m.m.a.RequestMappingHandlerMapping - Mapped "{[/farm/sysuser/user/expertuser/delete],methods=[POST],produces=[application/json]}" onto public cn.farm.utils.CommonResult<java.lang.String> cn.farm.controller.UserController.deleteRoleByPhone(java.lang.String)
2019-08-16 22:06:57.198 [main] INFO  o.s.w.s.m.m.a.RequestMappingHandlerMapping - Mapped "{[/farm/sysuser/login],methods=[POST],produces=[application/json]}" onto public cn.farm.utils.CommonResult cn.farm.controller.UserController.loginSysUser(java.lang.String,java.lang.String,java.util.Map<java.lang.String, java.lang.Object>,javax.servlet.http.HttpSession)
2019-08-16 22:06:57.198 [main] INFO  o.s.w.s.m.m.a.RequestMappingHandlerMapping - Mapped "{[/farm/sysuser/user/generaluser],methods=[GET],produces=[application/json]}" onto public cn.farm.utils.CommonResult<com.github.pagehelper.PageInfo<cn.farm.entity.User>> cn.farm.controller.UserController.QueryGeneral(int,int)
2019-08-16 22:06:57.198 [main] INFO  o.s.w.s.m.m.a.RequestMappingHandlerMapping - Mapped "{[/farm/sysuser/user/expertuser/modify],methods=[POST],produces=[application/json]}" onto public cn.farm.utils.CommonResult cn.farm.controller.UserController.modifyExper(cn.farm.entity.User)
2019-08-16 22:06:57.199 [main] INFO  o.s.w.s.m.m.a.RequestMappingHandlerMapping - Mapped "{[/farm/sysuser/user/generaluser/modify],methods=[POST],produces=[application/json]}" onto public cn.farm.utils.CommonResult cn.farm.controller.UserController.modifyGeneral(cn.farm.entity.User)
2019-08-16 22:06:57.199 [main] INFO  o.s.w.s.m.m.a.RequestMappingHandlerMapping - Mapped "{[/farm/sysuser/user/generaluser/phone],methods=[POST],produces=[application/json]}" onto public cn.farm.utils.CommonResult<cn.farm.entity.User> cn.farm.controller.UserController.QueryGeneralByPhone(java.lang.String,javax.servlet.http.HttpSession)
2019-08-16 22:06:57.199 [main] INFO  o.s.w.s.m.m.a.RequestMappingHandlerMapping - Mapped "{[/farm/sysuser/user/general/delete],methods=[POST],produces=[application/json]}" onto public cn.farm.utils.CommonResult<cn.farm.entity.Plant> cn.farm.controller.UserController.deleteGeneralByPhone(java.lang.String)
2019-08-16 22:06:57.201 [main] INFO  o.s.w.s.m.m.a.RequestMappingHandlerMapping - Mapped "{[/farm/sysuser/stresscategory/weedstress/delete],methods=[POST],produces=[application/json]}" onto public cn.farm.utils.CommonResult cn.farm.controller.WeedStressController.WeedStressDelete(java.lang.Integer)
2019-08-16 22:06:57.201 [main] INFO  o.s.w.s.m.m.a.RequestMappingHandlerMapping - Mapped "{[/farm/sysuser/stresscategory/weedstress/add],methods=[POST],produces=[application/json]}" onto public cn.farm.utils.CommonResult cn.farm.controller.WeedStressController.WeedStressAdd(cn.farm.entity.Stresscategory,cn.farm.entity.Weedstress,java.lang.String,org.springframework.web.multipart.MultipartFile,org.springframework.web.multipart.MultipartFile)
2019-08-16 22:06:57.201 [main] INFO  o.s.w.s.m.m.a.RequestMappingHandlerMapping - Mapped "{[/farm/sysuser/stresscategory/weedstress],methods=[POST],produces=[application/json]}" onto public cn.farm.utils.CommonResult<com.github.pagehelper.PageInfo<cn.farm.entity.Weedstress>> cn.farm.controller.WeedStressController.WeedStressFind(int,int)
2019-08-16 22:06:57.202 [main] INFO  o.s.w.s.m.m.a.RequestMappingHandlerMapping - Mapped "{[/farm/sysuser/stresscategory/weedstress/modify],methods=[POST],produces=[application/json]}" onto public cn.farm.utils.CommonResult cn.farm.controller.WeedStressController.WeedStressModify(cn.farm.entity.Weedstress)
2019-08-16 22:06:57.205 [main] INFO  o.s.w.s.m.m.a.RequestMappingHandlerMapping - Mapped "{[/swagger-resources]}" onto public org.springframework.http.ResponseEntity<java.util.List<springfox.documentation.swagger.web.SwaggerResource>> springfox.documentation.swagger.web.ApiResourceController.swaggerResources()
2019-08-16 22:06:57.206 [main] INFO  o.s.w.s.m.m.a.RequestMappingHandlerMapping - Mapped "{[/swagger-resources/configuration/ui]}" onto public org.springframework.http.ResponseEntity<springfox.documentation.swagger.web.UiConfiguration> springfox.documentation.swagger.web.ApiResourceController.uiConfiguration()
2019-08-16 22:06:57.207 [main] INFO  o.s.w.s.m.m.a.RequestMappingHandlerMapping - Mapped "{[/swagger-resources/configuration/security]}" onto public org.springframework.http.ResponseEntity<springfox.documentation.swagger.web.SecurityConfiguration> springfox.documentation.swagger.web.ApiResourceController.securityConfiguration()
2019-08-16 22:06:57.211 [main] INFO  o.s.w.s.m.m.a.RequestMappingHandlerMapping - Mapped "{[/error]}" onto public org.springframework.http.ResponseEntity<java.util.Map<java.lang.String, java.lang.Object>> org.springframework.boot.autoconfigure.web.servlet.error.BasicErrorController.error(javax.servlet.http.HttpServletRequest)
2019-08-16 22:06:57.211 [main] INFO  o.s.w.s.m.m.a.RequestMappingHandlerMapping - Mapped "{[/error],produces=[text/html]}" onto public org.springframework.web.servlet.ModelAndView org.springframework.boot.autoconfigure.web.servlet.error.BasicErrorController.errorHtml(javax.servlet.http.HttpServletRequest,javax.servlet.http.HttpServletResponse)
2019-08-16 22:06:57.346 [main] INFO  o.s.b.actuate.endpoint.web.EndpointLinksResolver - Exposing 2 endpoint(s) beneath base path '/actuator'
2019-08-16 22:06:57.365 [main] INFO  o.s.b.a.e.web.servlet.WebMvcEndpointHandlerMapping - Mapped "{[/actuator/health],methods=[GET],produces=[application/vnd.spring-boot.actuator.v2+json || application/json]}" onto public java.lang.Object org.springframework.boot.actuate.endpoint.web.servlet.AbstractWebMvcEndpointHandlerMapping$OperationHandler.handle(javax.servlet.http.HttpServletRequest,java.util.Map<java.lang.String, java.lang.String>)
2019-08-16 22:06:57.367 [main] INFO  o.s.b.a.e.web.servlet.WebMvcEndpointHandlerMapping - Mapped "{[/actuator/info],methods=[GET],produces=[application/vnd.spring-boot.actuator.v2+json || application/json]}" onto public java.lang.Object org.springframework.boot.actuate.endpoint.web.servlet.AbstractWebMvcEndpointHandlerMapping$OperationHandler.handle(javax.servlet.http.HttpServletRequest,java.util.Map<java.lang.String, java.lang.String>)
2019-08-16 22:06:57.368 [main] INFO  o.s.b.a.e.web.servlet.WebMvcEndpointHandlerMapping - Mapped "{[/actuator],methods=[GET],produces=[application/vnd.spring-boot.actuator.v2+json || application/json]}" onto protected java.util.Map<java.lang.String, java.util.Map<java.lang.String, org.springframework.boot.actuate.endpoint.web.Link>> org.springframework.boot.actuate.endpoint.web.servlet.WebMvcEndpointHandlerMapping.links(javax.servlet.http.HttpServletRequest,javax.servlet.http.HttpServletResponse)
2019-08-16 22:06:57.687 [main] INFO  s.d.s.w.PropertySourcedRequestMappingHandlerMapping - Mapped URL path [/v2/api-docs] onto method [public org.springframework.http.ResponseEntity<springfox.documentation.spring.web.json.Json> springfox.documentation.swagger2.web.Swagger2Controller.getDocumentation(java.lang.String,javax.servlet.http.HttpServletRequest)]
2019-08-16 22:06:57.731 [main] INFO  o.s.web.servlet.handler.SimpleUrlHandlerMapping - Mapped URL path [/swagger-ui.html] onto handler of type [class org.springframework.web.servlet.resource.ResourceHttpRequestHandler]
2019-08-16 22:06:57.731 [main] INFO  o.s.web.servlet.handler.SimpleUrlHandlerMapping - Mapped URL path [/webjars/**] onto handler of type [class org.springframework.web.servlet.resource.ResourceHttpRequestHandler]
2019-08-16 22:06:57.828 [main] INFO  o.s.w.s.m.m.a.RequestMappingHandlerAdapter - Looking for @ControllerAdvice: org.springframework.boot.web.servlet.context.AnnotationConfigServletWebServerApplicationContext@4b61d0c6: startup date [Fri Aug 16 22:06:47 CST 2019]; parent: org.springframework.context.annotation.AnnotationConfigApplicationContext@10cf09e8
2019-08-16 22:06:57.950 [main] INFO  com.netflix.config.sources.URLConfigurationSource - To enable URLs as dynamic configuration sources, define System property archaius.configurationSource.additionalUrls or make config.properties available on classpath.
2019-08-16 22:06:58.648 [main] INFO  o.s.ui.freemarker.SpringTemplateLoader - SpringTemplateLoader for FreeMarker: using resource loader [org.springframework.boot.web.servlet.context.AnnotationConfigServletWebServerApplicationContext@4b61d0c6: startup date [Fri Aug 16 22:06:47 CST 2019]; parent: org.springframework.context.annotation.AnnotationConfigApplicationContext@10cf09e8] and template loader path [classpath:/templates/]
2019-08-16 22:06:58.650 [main] INFO  o.s.w.servlet.view.freemarker.FreeMarkerConfigurer - ClassTemplateLoader for Spring macros added to FreeMarker configuration
2019-08-16 22:06:59.167 [main] INFO  o.s.jmx.export.annotation.AnnotationMBeanExporter - Registering beans for JMX exposure on startup
2019-08-16 22:06:59.169 [main] INFO  o.s.jmx.export.annotation.AnnotationMBeanExporter - Bean with name 'dataSource' has been autodetected for JMX exposure
2019-08-16 22:06:59.186 [main] INFO  o.s.jmx.export.annotation.AnnotationMBeanExporter - Bean with name 'environmentManager' has been autodetected for JMX exposure
2019-08-16 22:06:59.189 [main] INFO  o.s.jmx.export.annotation.AnnotationMBeanExporter - Bean with name 'refreshScope' has been autodetected for JMX exposure
2019-08-16 22:06:59.190 [main] INFO  o.s.jmx.export.annotation.AnnotationMBeanExporter - Bean with name 'configurationPropertiesRebinder' has been autodetected for JMX exposure
2019-08-16 22:06:59.194 [main] INFO  o.s.jmx.export.annotation.AnnotationMBeanExporter - Located managed bean 'environmentManager': registering with JMX server as MBean [org.springframework.cloud.context.environment:name=environmentManager,type=EnvironmentManager]
2019-08-16 22:06:59.206 [main] INFO  o.s.jmx.export.annotation.AnnotationMBeanExporter - Located managed bean 'refreshScope': registering with JMX server as MBean [org.springframework.cloud.context.scope.refresh:name=refreshScope,type=RefreshScope]
2019-08-16 22:06:59.220 [main] INFO  o.s.jmx.export.annotation.AnnotationMBeanExporter - Located managed bean 'configurationPropertiesRebinder': registering with JMX server as MBean [org.springframework.cloud.context.properties:name=configurationPropertiesRebinder,context=4b61d0c6,type=ConfigurationPropertiesRebinder]
2019-08-16 22:06:59.230 [main] INFO  o.s.jmx.export.annotation.AnnotationMBeanExporter - Located MBean 'dataSource': registering with JMX server as MBean [com.alibaba.druid.pool:name=dataSource,type=DruidDataSource]
2019-08-16 22:06:59.244 [main] INFO  o.s.context.support.DefaultLifecycleProcessor - Starting beans in phase 0
2019-08-16 22:06:59.254 [main] INFO  o.s.cloud.netflix.eureka.InstanceInfoFactory - Setting initial instance status as: STARTING
2019-08-16 22:06:59.295 [main] INFO  com.netflix.discovery.DiscoveryClient - Initializing Eureka in region us-east-1
2019-08-16 22:06:59.516 [main] INFO  c.n.discovery.provider.DiscoveryJerseyProvider - Using JSON encoding codec LegacyJacksonJson
2019-08-16 22:06:59.516 [main] INFO  c.n.discovery.provider.DiscoveryJerseyProvider - Using JSON decoding codec LegacyJacksonJson
2019-08-16 22:06:59.686 [main] INFO  c.n.discovery.provider.DiscoveryJerseyProvider - Using XML encoding codec XStreamXml
2019-08-16 22:06:59.686 [main] INFO  c.n.discovery.provider.DiscoveryJerseyProvider - Using XML decoding codec XStreamXml
2019-08-16 22:07:00.008 [main] INFO  c.n.d.shared.resolver.aws.ConfigClusterResolver - Resolving eureka endpoints via configuration
2019-08-16 22:07:00.201 [main] INFO  com.netflix.discovery.DiscoveryClient - Disable delta property : false
2019-08-16 22:07:00.202 [main] INFO  com.netflix.discovery.DiscoveryClient - Single vip registry refresh property : null
2019-08-16 22:07:00.202 [main] INFO  com.netflix.discovery.DiscoveryClient - Force full registry fetch : false
2019-08-16 22:07:00.203 [main] INFO  com.netflix.discovery.DiscoveryClient - Application is null : false
2019-08-16 22:07:00.203 [main] INFO  com.netflix.discovery.DiscoveryClient - Registered Applications size is zero : true
2019-08-16 22:07:00.204 [main] INFO  com.netflix.discovery.DiscoveryClient - Application version is -1: true
2019-08-16 22:07:00.204 [main] INFO  com.netflix.discovery.DiscoveryClient - Getting all instance registry info from the eureka server
2019-08-16 22:07:00.554 [main] INFO  com.netflix.discovery.DiscoveryClient - The response status is 200
2019-08-16 22:07:00.557 [main] INFO  com.netflix.discovery.DiscoveryClient - Starting heartbeat executor: renew interval is: 1
2019-08-16 22:07:00.560 [main] INFO  com.netflix.discovery.InstanceInfoReplicator - InstanceInfoReplicator onDemand update allowed rate per min is 4
2019-08-16 22:07:00.564 [main] INFO  com.netflix.discovery.DiscoveryClient - Discovery Client initialized at timestamp 1565964420563 with initial instances count: 0
2019-08-16 22:07:00.570 [main] INFO  o.s.c.n.e.serviceregistry.EurekaServiceRegistry - Registering application farm-SysUser with eureka with status UP
2019-08-16 22:07:00.571 [main] INFO  com.netflix.discovery.DiscoveryClient - Saw local status change event StatusChangeEvent [timestamp=1565964420571, current=UP, previous=STARTING]
2019-08-16 22:07:00.573 [DiscoveryClient-InstanceInfoReplicator-0] INFO  com.netflix.discovery.DiscoveryClient - DiscoveryClient_FARM-SYSUSER/localhost:farm-SysUser:8080: registering service...
2019-08-16 22:07:00.577 [main] INFO  o.s.context.support.DefaultLifecycleProcessor - Starting beans in phase 2147483647
2019-08-16 22:07:00.578 [main] INFO  s.d.s.web.plugins.DocumentationPluginsBootstrapper - Context refreshed
2019-08-16 22:07:00.597 [main] INFO  s.d.s.web.plugins.DocumentationPluginsBootstrapper - Found 1 custom documentation plugin(s)
2019-08-16 22:07:00.641 [main] INFO  s.d.spring.web.scanners.ApiListingReferenceScanner - Scanning for api listing references
2019-08-16 22:07:00.697 [DiscoveryClient-InstanceInfoReplicator-0] INFO  com.netflix.discovery.DiscoveryClient - DiscoveryClient_FARM-SYSUSER/localhost:farm-SysUser:8080 - registration status: 204
2019-08-16 22:07:01.079 [main] INFO  s.d.s.w.r.operation.CachingOperationNameGenerator - Generating unique operation named: handleUsingGET_1
2019-08-16 22:07:01.276 [main] INFO  org.apache.coyote.http11.Http11NioProtocol - Starting ProtocolHandler ["http-nio-8080"]
2019-08-16 22:07:01.293 [main] INFO  org.apache.tomcat.util.net.NioSelectorPool - Using a shared selector for servlet write/read
2019-08-16 22:07:01.314 [main] INFO  o.s.boot.web.embedded.tomcat.TomcatWebServer - Tomcat started on port(s): 8080 (http) with context path ''
2019-08-16 22:07:01.316 [main] INFO  o.s.c.n.e.s.EurekaAutoServiceRegistration - Updating port to 8080
2019-08-16 22:07:01.321 [main] INFO  cn.farm.SysUserApplication - Started SysUserApplication in 17.558 seconds (JVM running for 18.906)
2019-08-16 22:07:30.558 [DiscoveryClient-CacheRefreshExecutor-0] INFO  com.netflix.discovery.DiscoveryClient - Disable delta property : false
2019-08-16 22:07:30.559 [DiscoveryClient-CacheRefreshExecutor-0] INFO  com.netflix.discovery.DiscoveryClient - Single vip registry refresh property : null
2019-08-16 22:07:30.560 [DiscoveryClient-CacheRefreshExecutor-0] INFO  com.netflix.discovery.DiscoveryClient - Force full registry fetch : false
2019-08-16 22:07:30.560 [DiscoveryClient-CacheRefreshExecutor-0] INFO  com.netflix.discovery.DiscoveryClient - Application is null : false
2019-08-16 22:07:30.560 [DiscoveryClient-CacheRefreshExecutor-0] INFO  com.netflix.discovery.DiscoveryClient - Registered Applications size is zero : true
2019-08-16 22:07:30.561 [DiscoveryClient-CacheRefreshExecutor-0] INFO  com.netflix.discovery.DiscoveryClient - Application version is -1: false
2019-08-16 22:07:30.562 [DiscoveryClient-CacheRefreshExecutor-0] INFO  com.netflix.discovery.DiscoveryClient - Getting all instance registry info from the eureka server
2019-08-16 22:07:30.646 [DiscoveryClient-CacheRefreshExecutor-0] INFO  com.netflix.discovery.DiscoveryClient - The response status is 200
