2019-08-16 22:06:49.071 [main] WARN  tk.mybatis.spring.mapper.ClassPathMapperScanner - Skipping MapperFactoryBean with name 'abioticStressMapper' and 'cn.farm.mapper.AbioticStressMapper' mapperInterface. Bean already defined with the same name!
2019-08-16 22:06:49.072 [main] WARN  tk.mybatis.spring.mapper.ClassPathMapperScanner - Skipping MapperFactoryBean with name 'analysisMapper' and 'cn.farm.mapper.AnalysisMapper' mapperInterface. Bean already defined with the same name!
2019-08-16 22:06:49.072 [main] WARN  tk.mybatis.spring.mapper.ClassPathMapperScanner - Skipping MapperFactoryBean with name 'biologyMapper' and 'cn.farm.mapper.BiologyMapper' mapperInterface. Bean already defined with the same name!
2019-08-16 22:06:49.073 [main] WARN  tk.mybatis.spring.mapper.ClassPathMapperScanner - Skipping MapperFactoryBean with name 'biologyMapperSql' and 'cn.farm.mapper.BiologyMapperSql' mapperInterface. Bean already defined with the same name!
2019-08-16 22:06:49.081 [main] WARN  tk.mybatis.spring.mapper.ClassPathMapperScanner - Skipping MapperFactoryBean with name 'diagnosisMapper' and 'cn.farm.mapper.DiagnosisMapper' mapperInterface. Bean already defined with the same name!
2019-08-16 22:06:49.081 [main] WARN  tk.mybatis.spring.mapper.ClassPathMapperScanner - Skipping MapperFactoryBean with name 'diseaseStressMapper' and 'cn.farm.mapper.DiseaseStressMapper' mapperInterface. Bean already defined with the same name!
2019-08-16 22:06:49.081 [main] WARN  tk.mybatis.spring.mapper.ClassPathMapperScanner - Skipping MapperFactoryBean with name 'enemyMapper' and 'cn.farm.mapper.EnemyMapper' mapperInterface. Bean already defined with the same name!
2019-08-16 22:06:49.082 [main] WARN  tk.mybatis.spring.mapper.ClassPathMapperScanner - Skipping MapperFactoryBean with name 'imageMapper' and 'cn.farm.mapper.ImageMapper' mapperInterface. Bean already defined with the same name!
2019-08-16 22:06:49.082 [main] WARN  tk.mybatis.spring.mapper.ClassPathMapperScanner - Skipping MapperFactoryBean with name 'imageMapperSql' and 'cn.farm.mapper.ImageMapperSql' mapperInterface. Bean already defined with the same name!
2019-08-16 22:06:49.083 [main] WARN  tk.mybatis.spring.mapper.ClassPathMapperScanner - Skipping MapperFactoryBean with name 'informationMapper' and 'cn.farm.mapper.InformationMapper' mapperInterface. Bean already defined with the same name!
2019-08-16 22:06:49.083 [main] WARN  tk.mybatis.spring.mapper.ClassPathMapperScanner - Skipping MapperFactoryBean with name 'inquiryMapper' and 'cn.farm.mapper.InquiryMapper' mapperInterface. Bean already defined with the same name!
2019-08-16 22:06:49.083 [main] WARN  tk.mybatis.spring.mapper.ClassPathMapperScanner - Skipping MapperFactoryBean with name 'match_ImageMapper' and 'cn.farm.mapper.Match_ImageMapper' mapperInterface. Bean already defined with the same name!
2019-08-16 22:06:49.083 [main] WARN  tk.mybatis.spring.mapper.ClassPathMapperScanner - Skipping MapperFactoryBean with name 'matchImageMapperSql' and 'cn.farm.mapper.MatchImageMapperSql' mapperInterface. Bean already defined with the same name!
2019-08-16 22:06:49.083 [main] WARN  tk.mybatis.spring.mapper.ClassPathMapperScanner - Skipping MapperFactoryBean with name 'messageMapper' and 'cn.farm.mapper.MessageMapper' mapperInterface. Bean already defined with the same name!
2019-08-16 22:06:49.083 [main] WARN  tk.mybatis.spring.mapper.ClassPathMapperScanner - Skipping MapperFactoryBean with name 'modelMapper' and 'cn.farm.mapper.ModelMapper' mapperInterface. Bean already defined with the same name!
2019-08-16 22:06:49.084 [main] WARN  tk.mybatis.spring.mapper.ClassPathMapperScanner - Skipping MapperFactoryBean with name 'pestStressMapper' and 'cn.farm.mapper.PestStressMapper' mapperInterface. Bean already defined with the same name!
2019-08-16 22:06:49.084 [main] WARN  tk.mybatis.spring.mapper.ClassPathMapperScanner - Skipping MapperFactoryBean with name 'plantMapper' and 'cn.farm.mapper.PlantMapper' mapperInterface. Bean already defined with the same name!
2019-08-16 22:06:49.084 [main] WARN  tk.mybatis.spring.mapper.ClassPathMapperScanner - Skipping MapperFactoryBean with name 'plantMapperSql' and 'cn.farm.mapper.PlantMapperSql' mapperInterface. Bean already defined with the same name!
2019-08-16 22:06:49.085 [main] WARN  tk.mybatis.spring.mapper.ClassPathMapperScanner - Skipping MapperFactoryBean with name 'protectionMapper' and 'cn.farm.mapper.ProtectionMapper' mapperInterface. Bean already defined with the same name!
2019-08-16 22:06:49.085 [main] WARN  tk.mybatis.spring.mapper.ClassPathMapperScanner - Skipping MapperFactoryBean with name 'questionMapper' and 'cn.farm.mapper.QuestionMapper' mapperInterface. Bean already defined with the same name!
2019-08-16 22:06:49.085 [main] WARN  tk.mybatis.spring.mapper.ClassPathMapperScanner - Skipping MapperFactoryBean with name 'ruleMapper' and 'cn.farm.mapper.RuleMapper' mapperInterface. Bean already defined with the same name!
2019-08-16 22:06:49.085 [main] WARN  tk.mybatis.spring.mapper.ClassPathMapperScanner - Skipping MapperFactoryBean with name 'spectralMapper' and 'cn.farm.mapper.SpectralMapper' mapperInterface. Bean already defined with the same name!
2019-08-16 22:06:49.085 [main] WARN  tk.mybatis.spring.mapper.ClassPathMapperScanner - Skipping MapperFactoryBean with name 'stressCategoryMapper' and 'cn.farm.mapper.StressCategoryMapper' mapperInterface. Bean already defined with the same name!
2019-08-16 22:06:49.085 [main] WARN  tk.mybatis.spring.mapper.ClassPathMapperScanner - Skipping MapperFactoryBean with name 'stressFeatureMapper' and 'cn.farm.mapper.StressFeatureMapper' mapperInterface. Bean already defined with the same name!
2019-08-16 22:06:49.086 [main] WARN  tk.mybatis.spring.mapper.ClassPathMapperScanner - Skipping MapperFactoryBean with name 'userMapper' and 'cn.farm.mapper.UserMapper' mapperInterface. Bean already defined with the same name!
2019-08-16 22:06:49.086 [main] WARN  tk.mybatis.spring.mapper.ClassPathMapperScanner - Skipping MapperFactoryBean with name 'videoMapper' and 'cn.farm.mapper.VideoMapper' mapperInterface. Bean already defined with the same name!
2019-08-16 22:06:49.086 [main] WARN  tk.mybatis.spring.mapper.ClassPathMapperScanner - Skipping MapperFactoryBean with name 'weedStressMapper' and 'cn.farm.mapper.WeedStressMapper' mapperInterface. Bean already defined with the same name!
2019-08-16 22:06:49.086 [main] WARN  tk.mybatis.spring.mapper.ClassPathMapperScanner - No MyBatis mapper was found in '[cn.farm.mapper]' package. Please check your configuration.
2019-08-16 22:06:49.229 [main] WARN  tk.mybatis.spring.mapper.ClassPathMapperScanner - No MyBatis mapper was found in '[cn.farm]' package. Please check your configuration.
2019-08-16 22:06:49.297 [main] WARN  org.mybatis.spring.mapper.ClassPathMapperScanner - No MyBatis mapper was found in '[cn.farm]' package. Please check your configuration.
2019-08-16 22:06:51.565 [localhost-startStop-1] WARN  com.netflix.config.sources.URLConfigurationSource - No URLs will be polled as dynamic configuration sources.
2019-08-16 22:06:57.949 [main] WARN  com.netflix.config.sources.URLConfigurationSource - No URLs will be polled as dynamic configuration sources.
2019-08-16 22:06:59.090 [main] WARN  o.s.c.s.e.EurekaStarterDeprecationWarningAutoConfiguration - spring-cloud-starter-eureka is deprecated as of Spring Cloud Netflix 1.4.0, please migrate to spring-cloud-starter-netflix-eureka
2019-08-16 22:06:59.094 [main] WARN  o.s.c.s.e.s.EurekaServerStarterDeprecationWarningAutoConfiguration - spring-cloud-starter-eureka-server is deprecated as of Spring Cloud Netflix 1.4.0, please migrate to spring-cloud-starter-netflix-eureka-server
